{
  "stats": {
    "suites": 1,
    "tests": 5,
    "passes": 5,
    "pending": 0,
    "failures": 0,
    "start": "2026-04-23T11:05:14.874Z",
    "end": "2026-04-23T11:06:07.404Z",
    "duration": 52530,
    "testsRegistered": 5,
    "passPercent": 100,
    "pendingPercent": 0,
    "other": 0,
    "hasOther": false,
    "skipped": 0,
    "hasSkipped": false
  },
  "results": [
    {
      "uuid": "6ee20628-ecb1-448c-8033-1de05489f078",
      "title": "",
      "fullFile": "cypress\\e2e\\userManagement.cy.js",
      "file": "cypress\\e2e\\userManagement.cy.js",
      "beforeHooks": [],
      "afterHooks": [],
      "tests": [],
      "suites": [
        {
          "uuid": "731788e5-77e0-4f4b-ba4c-fa421cfc886b",
          "title": "OrangeHRM - User Management",
          "fullFile": "",
          "file": "",
          "beforeHooks": [],
          "afterHooks": [],
          "tests": [
            {
              "title": "TC01 - Should login successfully with valid admin credentials",
              "fullTitle": "OrangeHRM - User Management TC01 - Should login successfully with valid admin credentials",
              "timedOut": null,
              "duration": 7605,
              "state": "passed",
              "speed": "medium",
              "pass": true,
              "fail": false,
              "pending": false,
              "context": null,
              "code": "_LoginPage.default.verifyLoginSuccess();\ncy.log(\"Login successful\");",
              "err": {},
              "uuid": "07afd179-5367-4185-a580-6fe405fa8ef3",
              "parentUUID": "731788e5-77e0-4f4b-ba4c-fa421cfc886b",
              "isHook": false,
              "skipped": false
            },
            {
              "title": "TC02 - Should navigate to the Admin module successfully",
              "fullTitle": "OrangeHRM - User Management TC02 - Should navigate to the Admin module successfully",
              "timedOut": null,
              "duration": 7863,
              "state": "passed",
              "speed": "medium",
              "pass": true,
              "fail": false,
              "pending": false,
              "context": null,
              "code": "_UserManagementPage.default.navigateToAdminModule();\ncy.url().should(\"include\", \"/admin/viewSystemUsers\");\ncy.contains(\"System Users\").should(\"be.visible\");\ncy.log(\"Admin module loaded\");",
              "err": {},
              "uuid": "f35b7499-b02e-4e49-867d-732987351d0d",
              "parentUUID": "731788e5-77e0-4f4b-ba4c-fa421cfc886b",
              "isHook": false,
              "skipped": false
            },
            {
              "title": "TC03 - Should create a new user with dynamically generated username",
              "fullTitle": "OrangeHRM - User Management TC03 - Should create a new user with dynamically generated username",
              "timedOut": null,
              "duration": 18496,
              "state": "passed",
              "speed": "slow",
              "pass": true,
              "fail": false,
              "pending": false,
              "context": null,
              "code": "const timestamp = Date.now();\nconst generatedUsername = `testuser_${timestamp}`;\nCypress.env(\"createdUsername\", generatedUsername);\n_UserManagementPage.default.navigateToAdminModule();\n_UserManagementPage.default.clickAddUser();\ncy.log(`Generated username: ${generatedUsername}`);\n_UserManagementPage.default.fillAddUserForm(userData, generatedUsername);\n_UserManagementPage.default.saveUser();\ncy.url().should(\"include\", \"/admin/viewSystemUsers\");\ncy.log(\"User created successfully\");",
              "err": {},
              "uuid": "7d66f436-32a5-4cde-9599-18257c47a8ca",
              "parentUUID": "731788e5-77e0-4f4b-ba4c-fa421cfc886b",
              "isHook": false,
              "skipped": false
            },
            {
              "title": "TC04 - Should search and find the created user by username",
              "fullTitle": "OrangeHRM - User Management TC04 - Should search and find the created user by username",
              "timedOut": null,
              "duration": 8724,
              "state": "passed",
              "speed": "medium",
              "pass": true,
              "fail": false,
              "pending": false,
              "context": null,
              "code": "const usernameToSearch = Cypress.env(\"createdUsername\");\nexpect(usernameToSearch).to.not.be.undefined;\n_UserManagementPage.default.navigateToAdminModule();\n_UserManagementPage.default.searchUserByUsername(usernameToSearch);\n_UserManagementPage.default.verifyUserInSearchResults(usernameToSearch);\ncy.log(`User '${usernameToSearch}' found in search results`);",
              "err": {},
              "uuid": "dc3566dd-34a2-47ea-be03-12cc27800026",
              "parentUUID": "731788e5-77e0-4f4b-ba4c-fa421cfc886b",
              "isHook": false,
              "skipped": false
            },
            {
              "title": "TC05 - Should verify all details of the created user match the input",
              "fullTitle": "OrangeHRM - User Management TC05 - Should verify all details of the created user match the input",
              "timedOut": null,
              "duration": 9072,
              "state": "passed",
              "speed": "medium",
              "pass": true,
              "fail": false,
              "pending": false,
              "context": null,
              "code": "const usernameToVerify = Cypress.env(\"createdUsername\");\nexpect(usernameToVerify).to.not.be.undefined;\n_UserManagementPage.default.navigateToAdminModule();\n_UserManagementPage.default.searchUserByUsername(usernameToVerify);\n_UserManagementPage.default.verifyUserInSearchResults(usernameToVerify);\n_UserManagementPage.default.clickUserFromResults(usernameToVerify);\n_UserManagementPage.default.verifyUserDetails(userData, usernameToVerify);\ncy.log(\"All user details verified successfully\");",
              "err": {},
              "uuid": "7bf61446-1aed-4cc2-a901-e86f8f38f0b2",
              "parentUUID": "731788e5-77e0-4f4b-ba4c-fa421cfc886b",
              "isHook": false,
              "skipped": false
            }
          ],
          "suites": [],
          "passes": [
            "07afd179-5367-4185-a580-6fe405fa8ef3",
            "f35b7499-b02e-4e49-867d-732987351d0d",
            "7d66f436-32a5-4cde-9599-18257c47a8ca",
            "dc3566dd-34a2-47ea-be03-12cc27800026",
            "7bf61446-1aed-4cc2-a901-e86f8f38f0b2"
          ],
          "failures": [],
          "pending": [],
          "skipped": [],
          "duration": 51760,
          "root": false,
          "rootEmpty": false,
          "_timeout": 2000
        }
      ],
      "passes": [],
      "failures": [],
      "pending": [],
      "skipped": [],
      "duration": 0,
      "root": true,
      "rootEmpty": true,
      "_timeout": 2000
    }
  ],
  "meta": {
    "mocha": {
      "version": "7.2.0"
    },
    "mochawesome": {
      "options": {
        "quiet": false,
        "reportFilename": "mochawesome",
        "saveHtml": true,
        "saveJson": true,
        "consoleReporter": "spec",
        "useInlineDiffs": false,
        "code": true
      },
      "version": "7.1.4"
    },
    "marge": {
      "options": {
        "reportDir": "cypress/reports",
        "overwrite": true,
        "html": true,
        "json": true,
        "reportTitle": "OrangeHRM Test Report",
        "reportPageTitle": "Cypress Test Results"
      },
      "version": "6.3.2"
    }
  }
}